  Collision.cpp
  ColliderBox2D.cpp
  ColliderCircle.cpp
  ColliderLine2D.cpp
  ColliderPixel.cpp
ColliderBox2D.obj : warning LNK4006: "public: virtual bool __cdecl CColliderBox2D::CollisionMouse(struct Vector2 const &)" (?CollisionMouse@CColliderBox2D@@UEAA_NAEBUVector2@@@Z)이(가) ColliderLine2D.obj에 이미 정의되어 있습니다. 초 정의가 무시됩니다.
  GameEngine.vcxproj -> D:\DirectxAPI\GameEngine\GameEngine\Bin\GameEngine_Debug.lib
  0개 파일이 복사되었습니다.
  파일을 찾을 수 없습니다-*.inl
  0개 파일이 복사되었습니다.
  0개 파일이 복사되었습니다.
  .\GameEngine\Bin\GameEngine_Debug.lib
  1개 파일이 복사되었습니다.
  .\GameEngine\Bin\GameEngine_Debug.lib
  1개 파일이 복사되었습니다.
  .\GameEngine\Bin\GameEngine_Debug.lib
  1개 파일이 복사되었습니다.
  0개 파일이 복사되었습니다.
  0개 파일이 복사되었습니다.
  0개 파일이 복사되었습니다.
  0개 파일이 복사되었습니다.
  0개 파일이 복사되었습니다.
  0개 파일이 복사되었습니다.
  0개 파일이 복사되었습니다.
  0개 파일이 복사되었습니다.
  0개 파일이 복사되었습니다.
  0개 파일이 복사되었습니다.
  0개 파일이 복사되었습니다.
  0개 파일이 복사되었습니다.
  0개 파일이 복사되었습니다.
  0개 파일이 복사되었습니다.
  0개 파일이 복사되었습니다.
